0 info it worked if it ends with ok
1 verbose cli [ '/usr/bin/node', '/usr/bin/npm', 'start' ]
2 info using npm@3.8.3
3 info using node@v5.10.0
4 verbose run-script [ 'prestart', 'start', 'poststart' ]
5 info lifecycle luxaeterna@0.0.0~prestart: luxaeterna@0.0.0
6 silly lifecycle luxaeterna@0.0.0~prestart: no script for prestart, continuing
7 info lifecycle luxaeterna@0.0.0~start: luxaeterna@0.0.0
8 verbose lifecycle luxaeterna@0.0.0~start: unsafe-perm in lifecycle true
9 verbose lifecycle luxaeterna@0.0.0~start: PATH: /usr/lib/node_modules/npm/bin/node-gyp-bin:/home/ibrohim/luxaeterna/node_modules/.bin:/usr/bin:/usr/lib64/qt-3.3/bin:/usr/local/bin:/usr/bin:/bin:/usr/local/sbin:/usr/sbin:/opt/android-studio/bin/:/opt/idea/bin:/usr/local/MATLAB/MATLAB_Production_Server/R2015a/bin/:/opt/sublime_text_3/:/home/ibrohim/.local/bin:/home/ibrohim/bin:/opt/android-studio/bin/:/opt/idea/bin:/usr/local/MATLAB/MATLAB_Production_Server/R2015a/bin/:/opt/sublime_text_3/
10 verbose lifecycle luxaeterna@0.0.0~start: CWD: /home/ibrohim/luxaeterna
11 silly lifecycle luxaeterna@0.0.0~start: Args: [ '-c', 'node ./bin/www' ]
12 silly lifecycle luxaeterna@0.0.0~start: Returned: code: 1  signal: null
13 info lifecycle luxaeterna@0.0.0~start: Failed to exec start script
14 verbose stack Error: luxaeterna@0.0.0 start: `node ./bin/www`
14 verbose stack Exit status 1
14 verbose stack     at EventEmitter.<anonymous> (/usr/lib/node_modules/npm/lib/utils/lifecycle.js:239:16)
14 verbose stack     at emitTwo (events.js:100:13)
14 verbose stack     at EventEmitter.emit (events.js:185:7)
14 verbose stack     at ChildProcess.<anonymous> (/usr/lib/node_modules/npm/lib/utils/spawn.js:24:14)
14 verbose stack     at emitTwo (events.js:100:13)
14 verbose stack     at ChildProcess.emit (events.js:185:7)
14 verbose stack     at maybeClose (internal/child_process.js:850:16)
14 verbose stack     at Process.ChildProcess._handle.onexit (internal/child_process.js:215:5)
15 verbose pkgid luxaeterna@0.0.0
16 verbose cwd /home/ibrohim/luxaeterna
17 error Linux 4.2.3-300.fc23.x86_64
18 error argv "/usr/bin/node" "/usr/bin/npm" "start"
19 error node v5.10.0
20 error npm  v3.8.3
21 error code ELIFECYCLE
22 error luxaeterna@0.0.0 start: `node ./bin/www`
22 error Exit status 1
23 error Failed at the luxaeterna@0.0.0 start script 'node ./bin/www'.
23 error Make sure you have the latest version of node.js and npm installed.
23 error If you do, this is most likely a problem with the luxaeterna package,
23 error not with npm itself.
23 error Tell the author that this fails on your system:
23 error     node ./bin/www
23 error You can get information on how to open an issue for this project with:
23 error     npm bugs luxaeterna
23 error Or if that isn't available, you can get their info via:
23 error     npm owner ls luxaeterna
23 error There is likely additional logging output above.
24 verbose exit [ 1, true ]
